<?xml version="1.0" encoding="UTF-8"?>
<!-- Generated by org.testng.reporters.JUnitReportReporter -->
<testsuite hostname="16293-438220" failures="0" tests="1" name="concourseTestngMaven.TestNgMavenExample" time="0.005" errors="0" timestamp="15 Nov 2023 06:42:10 GMT" skipped="0">
  <testcase classname="concourseTestngMaven.TestNgMavenExample" name="exampleOfTestNgMaven" time="0.005"/>
</testsuite> <!-- concourseTestngMaven.TestNgMavenExample -->
